This is pdfTeX, Version 3.141592653-2.6-1.40.25 (TeX Live 2023) (preloaded format=pdflatex 2023.10.22)  2 JAN 2025 12:52
entering extended mode
 restricted \write18 enabled.
 %&-line parsing enabled.
**kryminalne-zagadki.tex
(./kryminalne-zagadki.tex
LaTeX2e <2023-06-01> patch level 1
L3 programming layer <2023-10-10>
(c:/texlive/2023/texmf-dist/tex/latex/base/article.cls
Document Class: article 2023/05/17 v1.4n Standard LaTeX document class
(c:/texlive/2023/texmf-dist/tex/latex/base/size12.clo
File: size12.clo 2023/05/17 v1.4n Standard LaTeX file (size option)
)
\c@part=\count185
\c@section=\count186
\c@subsection=\count187
\c@subsubsection=\count188
\c@paragraph=\count189
\c@subparagraph=\count190
\c@figure=\count191
\c@table=\count192
\abovecaptionskip=\skip48
\belowcaptionskip=\skip49
\bibindent=\dimen140
)
(c:/texlive/2023/texmf-dist/tex/latex/base/inputenc.sty
Package: inputenc 2021/02/14 v1.3d Input encoding file
\inpenc@prehook=\toks17
\inpenc@posthook=\toks18
)
(c:/texlive/2023/texmf-dist/tex/latex/base/fontenc.sty
Package: fontenc 2021/04/29 v2.0v Standard LaTeX package
)
(c:/texlive/2023/texmf-dist/tex/latex/l3backend/l3backend-pdftex.def
File: l3backend-pdftex.def 2023-10-10 L3 backend support: PDF output (pdfTeX)
\l__color_backend_stack_int=\count193
\l__pdf_internal_box=\box51
)
(./kryminalne-zagadki.aux)
\openout1 = `kryminalne-zagadki.aux'.

LaTeX Font Info:    Checking defaults for OML/cmm/m/it on input line 13.
LaTeX Font Info:    ... okay on input line 13.
LaTeX Font Info:    Checking defaults for OMS/cmsy/m/n on input line 13.
LaTeX Font Info:    ... okay on input line 13.
LaTeX Font Info:    Checking defaults for OT1/cmr/m/n on input line 13.
LaTeX Font Info:    ... okay on input line 13.
LaTeX Font Info:    Checking defaults for T1/cmr/m/n on input line 13.
LaTeX Font Info:    ... okay on input line 13.
LaTeX Font Info:    Checking defaults for TS1/cmr/m/n on input line 13.
LaTeX Font Info:    ... okay on input line 13.
LaTeX Font Info:    Checking defaults for OMX/cmex/m/n on input line 13.
LaTeX Font Info:    ... okay on input line 13.
LaTeX Font Info:    Checking defaults for U/cmr/m/n on input line 13.
LaTeX Font Info:    ... okay on input line 13.
LaTeX Font Info:    External font `cmex10' loaded for size
(Font)              <14.4> on input line 16.
LaTeX Font Info:    External font `cmex10' loaded for size
(Font)              <7> on input line 16.
 [1

{c:/texlive/2023/texmf-var/fonts/map/pdftex/updmap/pdftex.map}{c:/texlive/2023/
texmf-dist/fonts/enc/dvips/cm-super/cm-super-t1.enc}] [2{c:/texlive/2023/texmf-
dist/fonts/enc/dvips/cm-super/cm-super-ts1.enc}]
[3] (./kryminalne-zagadki.aux)
 ***********
LaTeX2e <2023-06-01> patch level 1
L3 programming layer <2023-10-10>
 ***********
 ) 
Here is how much of TeX's memory you used:
 717 strings out of 474504
 11399 string characters out of 5756725
 1926043 words of memory out of 5000000
 22748 multiletter control sequences out of 15000+600000
 567944 words of font info for 52 fonts, out of 8000000 for 9000
 1141 hyphenation exceptions out of 8191
 35i,6n,50p,647b,247s stack positions out of 10000i,1000n,20000p,200000b,200000s
<c:/texlive/2023/texmf-dist/fonts/type1/public/cm-super/sfbi1200.pfb><c:/texl
ive/2023/texmf-dist/fonts/type1/public/cm-super/sfbx1200.pfb><c:/texlive/2023/t
exmf-dist/fonts/type1/public/cm-super/sfbx1440.pfb><c:/texlive/2023/texmf-dist/
fonts/type1/public/cm-super/sfbx1728.pfb><c:/texlive/2023/texmf-dist/fonts/type
1/public/cm-super/sfbx2488.pfb><c:/texlive/2023/texmf-dist/fonts/type1/public/c
m-super/sfcc1440.pfb><c:/texlive/2023/texmf-dist/fonts/type1/public/cm-super/sf
rm1200.pfb><c:/texlive/2023/texmf-dist/fonts/type1/public/cm-super/sfrm1440.pfb
>
Output written on kryminalne-zagadki.pdf (3 pages, 144821 bytes).
PDF statistics:
 59 PDF objects out of 1000 (max. 8388607)
 36 compressed objects within 1 object stream
 0 named destinations out of 1000 (max. 500000)
 1 words of extra memory for PDF output out of 10000 (max. 10000000)

